#
# There is insufficient memory for the Java Runtime Environment to continue.
# Native memory allocation (malloc) failed to allocate 289616 bytes for Chunk::new
# Possible reasons:
#   The system is out of physical RAM or swap space
#   The process is running with CompressedOops enabled, and the Java Heap may be blocking the growth of the native heap
# Possible solutions:
#   Reduce memory load on the system
#   Increase physical memory or swap space
#   Check if swap backing store is full
#   Decrease Java heap size (-Xmx/-Xms)
#   Decrease number of Java threads
#   Decrease Java thread stack sizes (-Xss)
#   Set larger code cache with -XX:ReservedCodeCacheSize=
#   JVM is running with Unscaled Compressed Oops mode in which the Java heap is
#     placed in the first 4GB address space. The Java Heap base address is the
#     maximum limit for the native heap growth. Please use -XX:HeapBaseMinAddress
#     to set the Java Heap base and to place the Java Heap above 4GB virtual address.
# This output file may be truncated or incomplete.
#
#  Out of Memory Error (allocation.cpp:389), pid=9876, tid=0x0000000000002c84
#
# JRE version: Java(TM) SE Runtime Environment (8.0_271-b09) (build 1.8.0_271-b09)
# Java VM: Java HotSpot(TM) 64-Bit Server VM (25.271-b09 mixed mode windows-amd64 compressed oops)
# Failed to write core dump. Minidumps are not enabled by default on client versions of Windows
#

---------------  T H R E A D  ---------------

Current thread (0x000001cbc0e9c000):  JavaThread "C2 CompilerThread2" daemon [_thread_in_native, id=11396, stack(0x00000038bc700000,0x00000038bc800000)]

Stack: [0x00000038bc700000,0x00000038bc800000]
Native frames: (J=compiled Java code, j=interpreted, Vv=VM code, C=native code)
V  [jvm.dll+0x33f6c9]
V  [jvm.dll+0x286122]
V  [jvm.dll+0x286dcd]
V  [jvm.dll+0x27d805]
V  [jvm.dll+0xe574c]
V  [jvm.dll+0xe5f4c]
V  [jvm.dll+0x462b72]
V  [jvm.dll+0x49df9d]
V  [jvm.dll+0x452bf1]
V  [jvm.dll+0x44feb4]
V  [jvm.dll+0x43aef7]
V  [jvm.dll+0xbc3eb]
V  [jvm.dll+0xbaa4b]
V  [jvm.dll+0x24e7c2]
V  [jvm.dll+0x2a2dcc]
C  [ucrtbase.dll+0x21bb2]
C  [KERNEL32.DLL+0x17034]
C  [ntdll.dll+0x52651]


Current CompileTask:
C2:   3346 1322       4       com.sun.javafx.css.StyleMap::getCascadingStyles (404 bytes)


---------------  P R O C E S S  ---------------

Java Threads: ( => current thread )
  0x000001cbc3a76000 JavaThread "Prism Font Disposer" daemon [_thread_blocked, id=14444, stack(0x00000038bd700000,0x00000038bd800000)]
  0x000001cbc37ae000 JavaThread "Thread-4" [_thread_blocked, id=12552, stack(0x00000038bd300000,0x00000038bd400000)]
  0x000001cbc35e3800 JavaThread "Thread-3" daemon [_thread_in_native, id=17300, stack(0x00000038bd100000,0x00000038bd200000)]
  0x000001cbc3691000 JavaThread "JavaFX-Launcher" [_thread_blocked, id=21512, stack(0x00000038bd200000,0x00000038bd300000)]
  0x000001cbc3383000 JavaThread "JavaFX Application Thread" [_thread_in_Java, id=1196, stack(0x00000038bcd00000,0x00000038bce00000)]
  0x000001cbc3361000 JavaThread "Thread-1" daemon [_thread_blocked, id=13328, stack(0x00000038bcc00000,0x00000038bcd00000)]
  0x000001cbc3303800 JavaThread "QuantumRenderer-0" daemon [_thread_blocked, id=21476, stack(0x00000038bcb00000,0x00000038bcc00000)]
  0x000001cbc2d63000 JavaThread "Service Thread" daemon [_thread_blocked, id=4296, stack(0x00000038bc900000,0x00000038bca00000)]
  0x000001cbc0e9d000 JavaThread "C1 CompilerThread3" daemon [_thread_in_native, id=9384, stack(0x00000038bc800000,0x00000038bc900000)]
=>0x000001cbc0e9c000 JavaThread "C2 CompilerThread2" daemon [_thread_in_native, id=11396, stack(0x00000038bc700000,0x00000038bc800000)]
  0x000001cbc0e95000 JavaThread "C2 CompilerThread1" daemon [_thread_blocked, id=13800, stack(0x00000038bc600000,0x00000038bc700000)]
  0x000001cbc0e93800 JavaThread "C2 CompilerThread0" daemon [_thread_blocked, id=11188, stack(0x00000038bc500000,0x00000038bc600000)]
  0x000001cbc0e8e000 JavaThread "Monitor Ctrl-Break" daemon [_thread_in_native, id=21948, stack(0x00000038bc400000,0x00000038bc500000)]
  0x000001cbc0e2a000 JavaThread "Attach Listener" daemon [_thread_blocked, id=17136, stack(0x00000038bc300000,0x00000038bc400000)]
  0x000001cbc0e29000 JavaThread "Signal Dispatcher" daemon [_thread_blocked, id=13900, stack(0x00000038bc200000,0x00000038bc300000)]
  0x000001cbc0e04800 JavaThread "Finalizer" daemon [_thread_blocked, id=14816, stack(0x00000038bc100000,0x00000038bc200000)]
  0x000001cbc0dfd000 JavaThread "Reference Handler" daemon [_thread_blocked, id=10104, stack(0x00000038bc000000,0x00000038bc100000)]
  0x000001cbaad87800 JavaThread "main" [_thread_blocked, id=23988, stack(0x00000038bb600000,0x00000038bb700000)]

Other Threads:
  0x000001cbc0dd5000 VMThread [stack: 0x00000038bbf00000,0x00000038bc000000] [id=13596]
  0x000001cbc2da8000 WatcherThread [stack: 0x00000038bca00000,0x00000038bcb00000] [id=19068]

VM state:not at safepoint (normal execution)

VM Mutex/Monitor currently owned by a thread: None

heap address: 0x0000000083600000, size: 1994 MB, Compressed Oops mode: 32-bit
Narrow klass base: 0x0000000000000000, Narrow klass shift: 3
Compressed class space size: 1073741824 Address: 0x0000000100000000

Heap:
 PSYoungGen      total 37888K, used 20116K [0x00000000d6780000, 0x00000000d9180000, 0x0000000100000000)
  eden space 32768K, 48% used [0x00000000d6780000,0x00000000d76fd250,0x00000000d8780000)
  from space 5120K, 83% used [0x00000000d8780000,0x00000000d8ba8078,0x00000000d8c80000)
  to   space 5120K, 0% used [0x00000000d8c80000,0x00000000d8c80000,0x00000000d9180000)
 ParOldGen       total 86016K, used 80K [0x0000000083600000, 0x0000000088a00000, 0x00000000d6780000)
  object space 86016K, 0% used [0x0000000083600000,0x0000000083614010,0x0000000088a00000)
 Metaspace       used 16948K, capacity 17808K, committed 18048K, reserved 1071104K
  class space    used 2456K, capacity 2663K, committed 2688K, reserved 1048576K

Card table byte_map: [0x000001cbbbae0000,0x000001cbbbed0000] byte_map_base: 0x000001cbbb6c5000

Marking Bits: (ParMarkBitMap*) 0x000000005aaf7fe0
 Begin Bits: [0x000001cbbc170000, 0x000001cbbe098000)
 End Bits:   [0x000001cbbe098000, 0x000001cbbffc0000)

Polling page: 0x000001cbaae80000

CodeCache: size=245760Kb used=4952Kb max_used=4952Kb free=240807Kb
 bounds [0x000001cbac720000, 0x000001cbacc00000, 0x000001cbbb720000]
 total_blobs=2068 nmethods=1463 adapters=516
 compilation: enabled

Compilation events (10 events):
Event: 3.288 Thread 0x000001cbc0e9d000 1358       3       java.lang.String::toUpperCase (439 bytes)
Event: 3.289 Thread 0x000001cbc0e93800 nmethod 1336 0x000001cbacba8ed0 code [0x000001cbacba90a0, 0x000001cbacba9a30]
Event: 3.289 Thread 0x000001cbc0e9d000 nmethod 1358 0x000001cbacba6550 code [0x000001cbacba6880, 0x000001cbacba80a0]
Event: 3.289 Thread 0x000001cbc0e93800 1356  s    4       sun.misc.PerfCounter::add (18 bytes)
Event: 3.289 Thread 0x000001cbc0e9d000 1359       3       java.io.FilterInputStream::read (8 bytes)
Event: 3.289 Thread 0x000001cbc0e9d000 nmethod 1359 0x000001cbacba6110 code [0x000001cbacba6280, 0x000001cbacba64b0]
Event: 3.289 Thread 0x000001cbc0e9d000 1360       3       java.io.DataInputStream::readChar (40 bytes)
Event: 3.290 Thread 0x000001cbc0e9d000 nmethod 1360 0x000001cbacba5a10 code [0x000001cbacba5ba0, 0x000001cbacba5f90]
Event: 3.291 Thread 0x000001cbc0e93800 nmethod 1356 0x000001cbacbad610 code [0x000001cbacbad760, 0x000001cbacbad9b8]
Event: 3.291 Thread 0x000001cbc0e93800 1361       4       java.io.FilterInputStream::read (8 bytes)

GC Heap History (2 events):
Event: 2.977 GC heap before
{Heap before GC invocations=1 (full 0):
 PSYoungGen      total 37888K, used 32768K [0x00000000d6780000, 0x00000000d9180000, 0x0000000100000000)
  eden space 32768K, 100% used [0x00000000d6780000,0x00000000d8780000,0x00000000d8780000)
  from space 5120K, 0% used [0x00000000d8c80000,0x00000000d8c80000,0x00000000d9180000)
  to   space 5120K, 0% used [0x00000000d8780000,0x00000000d8780000,0x00000000d8c80000)
 ParOldGen       total 86016K, used 0K [0x0000000083600000, 0x0000000088a00000, 0x00000000d6780000)
  object space 86016K, 0% used [0x0000000083600000,0x0000000083600000,0x0000000088a00000)
 Metaspace       used 13242K, capacity 13784K, committed 14080K, reserved 1060864K
  class space    used 1762K, capacity 1927K, committed 2048K, reserved 1048576K
Event: 2.982 GC heap after
Heap after GC invocations=1 (full 0):
 PSYoungGen      total 37888K, used 4256K [0x00000000d6780000, 0x00000000d9180000, 0x0000000100000000)
  eden space 32768K, 0% used [0x00000000d6780000,0x00000000d6780000,0x00000000d8780000)
  from space 5120K, 83% used [0x00000000d8780000,0x00000000d8ba8078,0x00000000d8c80000)
  to   space 5120K, 0% used [0x00000000d8c80000,0x00000000d8c80000,0x00000000d9180000)
 ParOldGen       total 86016K, used 80K [0x0000000083600000, 0x0000000088a00000, 0x00000000d6780000)
  object space 86016K, 0% used [0x0000000083600000,0x0000000083614010,0x0000000088a00000)
 Metaspace       used 13242K, capacity 13784K, committed 14080K, reserved 1060864K
  class space    used 1762K, capacity 1927K, committed 2048K, reserved 1048576K
}

Deoptimization events (10 events):
Event: 3.074 Thread 0x000001cbc3383000 Uncommon trap: reason=class_check action=maybe_recompile pc=0x000001cbac99cba0 method=java.io.DataInputStream.readShort()S @ 4
Event: 3.077 Thread 0x000001cbc3383000 Uncommon trap: reason=class_check action=maybe_recompile pc=0x000001cbac8b31a8 method=java.lang.String.equals(Ljava/lang/Object;)Z @ 8
Event: 3.077 Thread 0x000001cbc3383000 Uncommon trap: reason=class_check action=maybe_recompile pc=0x000001cbac8b31a8 method=java.lang.String.equals(Ljava/lang/Object;)Z @ 8
Event: 3.077 Thread 0x000001cbc3383000 Uncommon trap: reason=class_check action=maybe_recompile pc=0x000001cbac8b31a8 method=java.lang.String.equals(Ljava/lang/Object;)Z @ 8
Event: 3.077 Thread 0x000001cbc3383000 Uncommon trap: reason=class_check action=maybe_recompile pc=0x000001cbac8b31a8 method=java.lang.String.equals(Ljava/lang/Object;)Z @ 8
Event: 3.089 Thread 0x000001cbc3383000 Uncommon trap: reason=unstable_if action=reinterpret pc=0x000001cbaca8afa4 method=java.lang.String.regionMatches(ZILjava/lang/String;II)Z @ 123
Event: 3.212 Thread 0x000001cbc3383000 Uncommon trap: reason=unstable_if action=reinterpret pc=0x000001cbaca175dc method=java.util.HashMap.hash(Ljava/lang/Object;)I @ 1
Event: 3.212 Thread 0x000001cbc3383000 Uncommon trap: reason=unstable_if action=reinterpret pc=0x000001cbaca92480 method=java.util.HashMap.hash(Ljava/lang/Object;)I @ 1
Event: 3.213 Thread 0x000001cbc3383000 Uncommon trap: reason=unstable_if action=reinterpret pc=0x000001cbac9be6e8 method=java.util.HashMap.hash(Ljava/lang/Object;)I @ 1
Event: 3.222 Thread 0x000001cbc3383000 Uncommon trap: reason=unstable_if action=reinterpret pc=0x000001cbacb139ac method=java.lang.ClassLoader.checkName(Ljava/lang/String;)Z @ 20

Classes redefined (0 events):
No events

Internal exceptions (10 events):
Event: 2.728 Thread 0x000001cbc3383000 Exception <a 'java/lang/NullPointerException'> (0x00000000d7a6d258) thrown at [C:\jenkins\workspace\8-2-build-windows-amd64-cygwin\jdk8u271\605\hotspot\src\share\vm\prims\jvm.cpp, line 1516]
Event: 2.840 Thread 0x000001cbc3383000 Exception <a 'java/lang/ArrayIndexOutOfBoundsException'> (0x00000000d7fe8838) thrown at [C:\jenkins\workspace\8-2-build-windows-amd64-cygwin\jdk8u271\605\hotspot\src\share\vm\runtime\sharedRuntime.cpp, line 609]
Event: 2.841 Thread 0x000001cbc3383000 Exception <a 'java/lang/ArrayIndexOutOfBoundsException'> (0x00000000d7feade0) thrown at [C:\jenkins\workspace\8-2-build-windows-amd64-cygwin\jdk8u271\605\hotspot\src\share\vm\runtime\sharedRuntime.cpp, line 609]
Event: 2.841 Thread 0x000001cbc3383000 Exception <a 'java/lang/ArrayIndexOutOfBoundsException'> (0x00000000d7fecc88) thrown at [C:\jenkins\workspace\8-2-build-windows-amd64-cygwin\jdk8u271\605\hotspot\src\share\vm\runtime\sharedRuntime.cpp, line 609]
Event: 2.841 Thread 0x000001cbc3383000 Exception <a 'java/lang/ArrayIndexOutOfBoundsException'> (0x00000000d7ff0698) thrown at [C:\jenkins\workspace\8-2-build-windows-amd64-cygwin\jdk8u271\605\hotspot\src\share\vm\runtime\sharedRuntime.cpp, line 609]
Event: 2.841 Thread 0x000001cbc3383000 Exception <a 'java/lang/ArrayIndexOutOfBoundsException'> (0x00000000d7ff26f8) thrown at [C:\jenkins\workspace\8-2-build-windows-amd64-cygwin\jdk8u271\605\hotspot\src\share\vm\runtime\sharedRuntime.cpp, line 609]
Event: 2.933 Thread 0x000001cbc3383000 Exception <a 'java/io/FileNotFoundException'> (0x00000000d856ede0) thrown at [C:\jenkins\workspace\8-2-build-windows-amd64-cygwin\jdk8u271\605\hotspot\src\share\vm\prims\jni.cpp, line 710]
Event: 3.212 Thread 0x000001cbc3383000 Implicit null exception at 0x000001cbaca173b5 to 0x000001cbaca175cd
Event: 3.212 Thread 0x000001cbc3383000 Implicit null exception at 0x000001cbaca91e3b to 0x000001cbaca92465
Event: 3.213 Thread 0x000001cbc3383000 Implicit null exception at 0x000001cbac9be66f to 0x000001cbac9be6d9

Events (10 events):
Event: 3.290 loading class sun/text/normalizer/UTF16
Event: 3.291 loading class sun/text/normalizer/UTF16 done
Event: 3.291 loading class sun/text/bidi/BidiLine
Event: 3.291 loading class sun/text/bidi/BidiLine done
Event: 3.291 loading class com/sun/javafx/text/ScriptMapper
Event: 3.291 loading class com/sun/javafx/text/ScriptMapper done
Event: 3.291 loading class com/sun/javafx/text/LayoutCache
Event: 3.291 loading class com/sun/javafx/text/LayoutCache done
Event: 3.292 loading class com/sun/javafx/font/PrismMetrics
Event: 3.292 loading class com/sun/javafx/font/PrismMetrics done


Dynamic libraries:
0x00007ff663ca0000 - 0x00007ff663ce7000 	C:\Program Files\Java\jdk1.8.0_271\bin\java.exe
0x00007ffe03a50000 - 0x00007ffe03c48000 	C:\Windows\SYSTEM32\ntdll.dll
0x00007ffdf6bc0000 - 0x00007ffdf6bd7000 	C:\Program Files\Avast Software\Avast\aswhook.dll
0x00007ffe025c0000 - 0x00007ffe0267d000 	C:\Windows\System32\KERNEL32.DLL
0x00007ffe016d0000 - 0x00007ffe0199e000 	C:\Windows\System32\KERNELBASE.dll
0x00007ffe02070000 - 0x00007ffe0211e000 	C:\Windows\System32\ADVAPI32.dll
0x00007ffe02120000 - 0x00007ffe021be000 	C:\Windows\System32\msvcrt.dll
0x00007ffe02520000 - 0x00007ffe025bc000 	C:\Windows\System32\sechost.dll
0x00007ffe023f0000 - 0x00007ffe02515000 	C:\Windows\System32\RPCRT4.dll
0x00007ffe03690000 - 0x00007ffe03830000 	C:\Windows\System32\USER32.dll
0x00007ffe01a80000 - 0x00007ffe01aa2000 	C:\Windows\System32\win32u.dll
0x00007ffe039e0000 - 0x00007ffe03a0a000 	C:\Windows\System32\GDI32.dll
0x00007ffe01520000 - 0x00007ffe0162b000 	C:\Windows\System32\gdi32full.dll
0x00007ffe01630000 - 0x00007ffe016cd000 	C:\Windows\System32\msvcp_win.dll
0x00007ffe012c0000 - 0x00007ffe013c0000 	C:\Windows\System32\ucrtbase.dll
0x00007ffe00670000 - 0x00007ffe0090a000 	C:\Windows\WinSxS\amd64_microsoft.windows.common-controls_6595b64144ccf1df_6.0.19041.1110_none_60b5254171f9507e\COMCTL32.dll
0x00007ffe03400000 - 0x00007ffe03430000 	C:\Windows\System32\IMM32.DLL
0x00007ffdf49c0000 - 0x00007ffdf49d5000 	C:\Program Files\Java\jdk1.8.0_271\jre\bin\vcruntime140.dll
0x00007ffdb5150000 - 0x00007ffdb51eb000 	C:\Program Files\Java\jdk1.8.0_271\jre\bin\msvcp140.dll
0x000000005a300000 - 0x000000005ab6f000 	C:\Program Files\Java\jdk1.8.0_271\jre\bin\server\jvm.dll
0x00007ffe03560000 - 0x00007ffe03568000 	C:\Windows\System32\PSAPI.DLL
0x00007ffdfe430000 - 0x00007ffdfe43a000 	C:\Windows\SYSTEM32\VERSION.dll
0x00007ffde79a0000 - 0x00007ffde79c7000 	C:\Windows\SYSTEM32\WINMM.dll
0x00007ffdfef50000 - 0x00007ffdfef59000 	C:\Windows\SYSTEM32\WSOCK32.dll
0x00007ffe02680000 - 0x00007ffe026eb000 	C:\Windows\System32\WS2_32.dll
0x00007ffdfe470000 - 0x00007ffdfe482000 	C:\Windows\SYSTEM32\kernel.appcore.dll
0x00007ffdf4a00000 - 0x00007ffdf4a10000 	C:\Program Files\Java\jdk1.8.0_271\jre\bin\verify.dll
0x00007ffdc04a0000 - 0x00007ffdc04cb000 	C:\Program Files\Java\jdk1.8.0_271\jre\bin\java.dll
0x00007ffdb5120000 - 0x00007ffdb5150000 	C:\Program Files\Java\jdk1.8.0_271\jre\bin\instrument.dll
0x00007ffdf4980000 - 0x00007ffdf4998000 	C:\Program Files\Java\jdk1.8.0_271\jre\bin\zip.dll
0x00007ffe026f0000 - 0x00007ffe02e34000 	C:\Windows\System32\SHELL32.dll
0x00007ffdfe490000 - 0x00007ffdfec24000 	C:\Windows\SYSTEM32\windows.storage.dll
0x00007ffe01d10000 - 0x00007ffe02064000 	C:\Windows\System32\combase.dll
0x00007ffe004e0000 - 0x00007ffe00510000 	C:\Windows\SYSTEM32\Wldp.dll
0x00007ffe02250000 - 0x00007ffe022fd000 	C:\Windows\System32\SHCORE.dll
0x00007ffe01b30000 - 0x00007ffe01b85000 	C:\Windows\System32\shlwapi.dll
0x00007ffe010b0000 - 0x00007ffe010cf000 	C:\Windows\SYSTEM32\profapi.dll
0x00007ffdf4910000 - 0x00007ffdf492a000 	C:\Program Files\JetBrains\IntelliJ IDEA 2021.1.1\bin\breakgen64.dll
0x00007ffdc4ec0000 - 0x00007ffdc4edc000 	C:\Program Files\Java\jdk1.8.0_271\jre\bin\net.dll
0x00007ffe00230000 - 0x00007ffe0029a000 	C:\Windows\system32\mswsock.dll
0x000001cbaaf00000 - 0x000001cbaaf03000 	C:\Program Files\Java\jdk1.8.0_271\jre\bin\api-ms-win-core-console-l1-1-0.dll
0x000001cbaaf10000 - 0x000001cbaaf13000 	C:\Program Files\Java\jdk1.8.0_271\jre\bin\api-ms-win-core-console-l1-2-0.dll
0x000001cbaaf20000 - 0x000001cbaaf23000 	C:\Program Files\Java\jdk1.8.0_271\jre\bin\api-ms-win-core-datetime-l1-1-0.dll
0x000001cbaaf30000 - 0x000001cbaaf33000 	C:\Program Files\Java\jdk1.8.0_271\jre\bin\api-ms-win-core-debug-l1-1-0.dll
0x000001cbaaf40000 - 0x000001cbaaf43000 	C:\Program Files\Java\jdk1.8.0_271\jre\bin\api-ms-win-core-errorhandling-l1-1-0.dll
0x000001cbaaf50000 - 0x000001cbaaf54000 	C:\Program Files\Java\jdk1.8.0_271\jre\bin\api-ms-win-core-file-l1-1-0.dll
0x000001cbaaf60000 - 0x000001cbaaf63000 	C:\Program Files\Java\jdk1.8.0_271\jre\bin\api-ms-win-core-file-l1-2-0.dll
0x000001cbc3090000 - 0x000001cbc3093000 	C:\Program Files\Java\jdk1.8.0_271\jre\bin\api-ms-win-core-file-l2-1-0.dll
0x000001cbc30a0000 - 0x000001cbc30a3000 	C:\Program Files\Java\jdk1.8.0_271\jre\bin\api-ms-win-core-handle-l1-1-0.dll
0x000001cbc30b0000 - 0x000001cbc30b3000 	C:\Program Files\Java\jdk1.8.0_271\jre\bin\api-ms-win-core-heap-l1-1-0.dll
0x000001cbc30c0000 - 0x000001cbc30c3000 	C:\Program Files\Java\jdk1.8.0_271\jre\bin\api-ms-win-core-interlocked-l1-1-0.dll
0x000001cbc30d0000 - 0x000001cbc30d3000 	C:\Program Files\Java\jdk1.8.0_271\jre\bin\api-ms-win-core-libraryloader-l1-1-0.dll
0x000001cbc30e0000 - 0x000001cbc30e3000 	C:\Program Files\Java\jdk1.8.0_271\jre\bin\api-ms-win-core-localization-l1-2-0.dll
0x000001cbc30f0000 - 0x000001cbc30f3000 	C:\Program Files\Java\jdk1.8.0_271\jre\bin\api-ms-win-core-memory-l1-1-0.dll
0x000001cbc3100000 - 0x000001cbc3103000 	C:\Program Files\Java\jdk1.8.0_271\jre\bin\api-ms-win-core-namedpipe-l1-1-0.dll
0x000001cbc3110000 - 0x000001cbc3113000 	C:\Program Files\Java\jdk1.8.0_271\jre\bin\api-ms-win-core-processenvironment-l1-1-0.dll
0x000001cbc3120000 - 0x000001cbc3123000 	C:\Program Files\Java\jdk1.8.0_271\jre\bin\api-ms-win-core-processthreads-l1-1-0.dll
0x000001cbc3130000 - 0x000001cbc3133000 	C:\Program Files\Java\jdk1.8.0_271\jre\bin\api-ms-win-core-processthreads-l1-1-1.dll
0x000001cbc3140000 - 0x000001cbc3143000 	C:\Program Files\Java\jdk1.8.0_271\jre\bin\api-ms-win-core-profile-l1-1-0.dll
0x000001cbc3150000 - 0x000001cbc3153000 	C:\Program Files\Java\jdk1.8.0_271\jre\bin\api-ms-win-core-rtlsupport-l1-1-0.dll
0x000001cbc3160000 - 0x000001cbc3163000 	C:\Program Files\Java\jdk1.8.0_271\jre\bin\api-ms-win-core-string-l1-1-0.dll
0x000001cbc3170000 - 0x000001cbc3173000 	C:\Program Files\Java\jdk1.8.0_271\jre\bin\api-ms-win-core-synch-l1-1-0.dll
0x000001cbc3180000 - 0x000001cbc3183000 	C:\Program Files\Java\jdk1.8.0_271\jre\bin\api-ms-win-core-synch-l1-2-0.dll
0x000001cbc3190000 - 0x000001cbc3193000 	C:\Program Files\Java\jdk1.8.0_271\jre\bin\api-ms-win-core-sysinfo-l1-1-0.dll
0x000001cbc31a0000 - 0x000001cbc31a3000 	C:\Program Files\Java\jdk1.8.0_271\jre\bin\api-ms-win-core-timezone-l1-1-0.dll
0x000001cbc31b0000 - 0x000001cbc31b3000 	C:\Program Files\Java\jdk1.8.0_271\jre\bin\api-ms-win-core-util-l1-1-0.dll
0x000001cbc31c0000 - 0x000001cbc31c3000 	C:\Program Files\Java\jdk1.8.0_271\jre\bin\api-ms-win-crt-conio-l1-1-0.dll
0x000001cbc31d0000 - 0x000001cbc31d4000 	C:\Program Files\Java\jdk1.8.0_271\jre\bin\api-ms-win-crt-convert-l1-1-0.dll
0x000001cbc31e0000 - 0x000001cbc31e3000 	C:\Program Files\Java\jdk1.8.0_271\jre\bin\api-ms-win-crt-environment-l1-1-0.dll
0x000001cbc31f0000 - 0x000001cbc31f3000 	C:\Program Files\Java\jdk1.8.0_271\jre\bin\api-ms-win-crt-filesystem-l1-1-0.dll
0x000001cbc3200000 - 0x000001cbc3203000 	C:\Program Files\Java\jdk1.8.0_271\jre\bin\api-ms-win-crt-heap-l1-1-0.dll
0x000001cbc3210000 - 0x000001cbc3213000 	C:\Program Files\Java\jdk1.8.0_271\jre\bin\api-ms-win-crt-locale-l1-1-0.dll
0x000001cbc3220000 - 0x000001cbc3225000 	C:\Program Files\Java\jdk1.8.0_271\jre\bin\api-ms-win-crt-math-l1-1-0.dll
0x000001cbc3230000 - 0x000001cbc3235000 	C:\Program Files\Java\jdk1.8.0_271\jre\bin\api-ms-win-crt-multibyte-l1-1-0.dll
0x000001cbc3240000 - 0x000001cbc3250000 	C:\Program Files\Java\jdk1.8.0_271\jre\bin\api-ms-win-crt-private-l1-1-0.dll
0x000001cbc3250000 - 0x000001cbc3253000 	C:\Program Files\Java\jdk1.8.0_271\jre\bin\api-ms-win-crt-process-l1-1-0.dll
0x000001cbc3260000 - 0x000001cbc3264000 	C:\Program Files\Java\jdk1.8.0_271\jre\bin\api-ms-win-crt-runtime-l1-1-0.dll
0x000001cbc3270000 - 0x000001cbc3274000 	C:\Program Files\Java\jdk1.8.0_271\jre\bin\api-ms-win-crt-stdio-l1-1-0.dll
0x000001cbc3280000 - 0x000001cbc3284000 	C:\Program Files\Java\jdk1.8.0_271\jre\bin\api-ms-win-crt-string-l1-1-0.dll
0x000001cbc3290000 - 0x000001cbc3293000 	C:\Program Files\Java\jdk1.8.0_271\jre\bin\api-ms-win-crt-time-l1-1-0.dll
0x000001cbc32a0000 - 0x000001cbc32a3000 	C:\Program Files\Java\jdk1.8.0_271\jre\bin\api-ms-win-crt-utility-l1-1-0.dll
0x00007ffd8f6a0000 - 0x00007ffd8f79a000 	C:\Program Files\Java\jdk1.8.0_271\jre\bin\ucrtbase.dll
0x00007ffdf58d0000 - 0x00007ffdf58dc000 	C:\Windows\System32\vcruntime140_1.dll
0x00007ffdb50f0000 - 0x00007ffdb5113000 	C:\Program Files\Java\jdk1.8.0_271\jre\bin\prism_d3d.dll
0x00007ffdf0a40000 - 0x00007ffdf0c0f000 	C:\Windows\system32\d3d9.dll
0x00007ffdfdbc0000 - 0x00007ffdfdbef000 	C:\Windows\SYSTEM32\dwmapi.dll
0x00007ffdfd630000 - 0x00007ffdfd6ce000 	C:\Windows\system32\uxtheme.dll
0x00007ffda7f90000 - 0x00007ffda80f1000 	C:\Windows\System32\DriverStore\FileRepository\iigd_dch.inf_amd64_bbafec440f419cb1\igdumdim64.dll
0x00007ffd80f50000 - 0x00007ffd84968000 	C:\Windows\System32\DriverStore\FileRepository\iigd_dch.inf_amd64_bbafec440f419cb1\igd9dxva64.dll
0x00007ffe03430000 - 0x00007ffe0355a000 	C:\Windows\System32\ole32.dll
0x00007ffe01b90000 - 0x00007ffe01c5d000 	C:\Windows\System32\OLEAUT32.dll
0x00007ffe02f90000 - 0x00007ffe033ff000 	C:\Windows\System32\SETUPAPI.dll
0x00007ffe019a0000 - 0x00007ffe019ee000 	C:\Windows\System32\cfgmgr32.dll
0x00007ffe01170000 - 0x00007ffe01197000 	C:\Windows\System32\bcrypt.dll
0x00007ffdf16f0000 - 0x00007ffdf1897000 	C:\Windows\System32\DriverStore\FileRepository\iigd_dch.inf_amd64_bbafec440f419cb1\igdgmm64.dll
0x00007ffdb4d70000 - 0x00007ffdb4db5000 	C:\Program Files\Java\jdk1.8.0_271\jre\bin\glass.dll
0x00007ffe02ea0000 - 0x00007ffe02f7a000 	C:\Windows\System32\COMDLG32.dll
0x00007ffe03570000 - 0x00007ffe03685000 	C:\Windows\System32\MSCTF.dll
0x00007ffe019f0000 - 0x00007ffe01a72000 	C:\Windows\System32\bcryptPrimitives.dll
0x00007ffdd4cb0000 - 0x00007ffdd4cd8000 	C:\Windows\System32\DriverStore\FileRepository\iigd_dch.inf_amd64_bbafec440f419cb1\igdinfo64.dll
0x00007ffdec6c0000 - 0x00007ffdeefaa000 	C:\Windows\System32\DriverStore\FileRepository\iigd_dch.inf_amd64_bbafec440f419cb1\igc64.dll
0x00007ffdf35f0000 - 0x00007ffdf362b000 	C:\Windows\SYSTEM32\dxcore.dll
0x00007ffdbeef0000 - 0x00007ffdbef04000 	C:\Program Files\Java\jdk1.8.0_271\jre\bin\javafx_font.dll
0x00007ffdec0f0000 - 0x00007ffdec36f000 	C:\Windows\SYSTEM32\dwrite.dll
0x00007ffe01c60000 - 0x00007ffe01d09000 	C:\Windows\System32\clbcatq.dll
0x00007ffdf7bb0000 - 0x00007ffdf7d64000 	C:\Windows\SYSTEM32\WindowsCodecs.dll
0x00007ffddb750000 - 0x00007ffddb78e000 	C:\Windows\system32\dataexchange.dll
0x00007ffdfc210000 - 0x00007ffdfc473000 	C:\Windows\system32\d3d11.dll
0x00007ffdfca40000 - 0x00007ffdfcc24000 	C:\Windows\system32\dcomp.dll
0x00007ffdfec90000 - 0x00007ffdfed83000 	C:\Windows\system32\dxgi.dll
0x00007ffdf78c0000 - 0x00007ffdf7ac0000 	C:\Windows\system32\twinapi.appcore.dll
0x00007ffdf0c70000 - 0x00007ffdf0ca4000 	C:\Program Files\Common Files\Microsoft Shared\Ink\rtscom.dll
0x00007ffdf1aa0000 - 0x00007ffdf1b99000 	C:\Windows\SYSTEM32\textinputframework.dll
0x00007ffdfcc30000 - 0x00007ffdfcf8e000 	C:\Windows\System32\CoreUIComponents.dll
0x00007ffdfd310000 - 0x00007ffdfd402000 	C:\Windows\System32\CoreMessaging.dll
0x00007ffdfbc50000 - 0x00007ffdfbda4000 	C:\Windows\SYSTEM32\wintypes.dll
0x00007ffe00ec0000 - 0x00007ffe00ef3000 	C:\Windows\SYSTEM32\ntmarta.dll
0x00007ffe00b20000 - 0x00007ffe00d04000 	C:\Windows\SYSTEM32\dbghelp.dll

VM Arguments:
jvm_args: -javaagent:C:\Program Files\JetBrains\IntelliJ IDEA 2021.1.1\lib\idea_rt.jar=56957:C:\Program Files\JetBrains\IntelliJ IDEA 2021.1.1\bin -Dfile.encoding=UTF-8 
java_command: AppInitializer
java_class_path (initial): C:\Program Files\Java\jdk1.8.0_271\jre\lib\charsets.jar;C:\Program Files\Java\jdk1.8.0_271\jre\lib\deploy.jar;C:\Program Files\Java\jdk1.8.0_271\jre\lib\ext\access-bridge-64.jar;C:\Program Files\Java\jdk1.8.0_271\jre\lib\ext\cldrdata.jar;C:\Program Files\Java\jdk1.8.0_271\jre\lib\ext\dnsns.jar;C:\Program Files\Java\jdk1.8.0_271\jre\lib\ext\jaccess.jar;C:\Program Files\Java\jdk1.8.0_271\jre\lib\ext\jfxrt.jar;C:\Program Files\Java\jdk1.8.0_271\jre\lib\ext\localedata.jar;C:\Program Files\Java\jdk1.8.0_271\jre\lib\ext\nashorn.jar;C:\Program Files\Java\jdk1.8.0_271\jre\lib\ext\sunec.jar;C:\Program Files\Java\jdk1.8.0_271\jre\lib\ext\sunjce_provider.jar;C:\Program Files\Java\jdk1.8.0_271\jre\lib\ext\sunmscapi.jar;C:\Program Files\Java\jdk1.8.0_271\jre\lib\ext\sunpkcs11.jar;C:\Program Files\Java\jdk1.8.0_271\jre\lib\ext\zipfs.jar;C:\Program Files\Java\jdk1.8.0_271\jre\lib\javaws.jar;C:\Program Files\Java\jdk1.8.0_271\jre\lib\jce.jar;C:\Program Files\Java\jdk1.8.0_271\jre\lib\jfr.jar;C:\Program Files\Java\jdk1.8.0_271\jre\lib\jfxswt.jar;C:\Program Files\Java\jdk1.8.0_271\jre\lib\jsse.jar;C:\Program Files\Java\jdk1.8.0_271\jre\lib\management-agent.jar;C:\Program Files\Java\jdk1.8.0_271\jre\lib\plugin.jar;C:\Program Files\Java\jdk1.8.0_271\jre\lib\resources.jar;C:\Program Files\Java\jdk1.8.0_271\jre\lib\rt.jar;E:\My Working Area\Car Parking System\out\production\Car Parking System;E:\My Working Area\Car Parking System\src\Lib\jfoenix-8.0.8.jar;C:\Program Files\JetBrains\IntelliJ IDEA 2021.1.1\lib\idea_rt.jar
Launcher Type: SUN_STANDARD

Environment Variables:
JAVA_HOME=C:\Program Files\Java\jdk-11.0.16
PATH=C:\Program Files\Common Files\Oracle\Java\javapath;C:\Program Files (x86)\Common Files\Oracle\Java\javapath;C:\Windows\system32;C:\Windows;C:\Windows\System32\Wbem;C:\Windows\System32\WindowsPowerShell\v1.0\;C:\Windows\System32\OpenSSH\;C:\Program Files (x86)\NVIDIA Corporation\PhysX\Common;C:\Program Files\NVIDIA Corporation\NVIDIA NvDLISR;C:\Program Files\JetBrains\IntelliJ IDEA 2020.3.2;C:\Program Files\MySQL\MySQL Server 8.0\bin;C:\Program Files\Git\cmd;C:\Program Files\nodejs\;C:\Program Files\apache-maven-3.8.6\bin;C:\Program Files\Java\jdk-11.0.16\bin;C:\Users\Miroon\AppData\Local\Android\Sdk\platform-tools;C:\Program Files\Java\jdk-11.0.16;C:\Program Files\MySQL\MySQL Shell 8.0\bin\;C:\Users\Miroon\AppData\Local\Microsoft\WindowsApps;%IntelliJ IDEA%;C:\Users\Miroon\AppData\Local\Programs\Microsoft VS Code\bin;C:\Program Files\Java\jdk1.8.0_271\bin;C:\Users\Miroon\AppData\Roaming\npm
USERNAME=Miroon
OS=Windows_NT
PROCESSOR_IDENTIFIER=Intel64 Family 6 Model 140 Stepping 1, GenuineIntel



---------------  S Y S T E M  ---------------

OS: Windows 10.0 , 64 bit Build 19041 (10.0.19041.1889)

CPU:total 8 (initial active 8) (4 cores per cpu, 2 threads per core) family 6 model 140 stepping 1, cmov, cx8, fxsr, mmx, sse, sse2, sse3, ssse3, sse4.1, sse4.2, popcnt, avx, avx2, aes, clmul, erms, 3dnowpref, lzcnt, ht, tsc, tscinvbit, bmi1, bmi2, adx

Memory: 4k page, physical 8162616k(962488k free), swap 16581148k(0k free)

vm_info: Java HotSpot(TM) 64-Bit Server VM (25.271-b09) for windows-amd64 JRE (1.8.0_271-b09), built on Sep 16 2020 19:14:59 by "" with MS VC++ 15.9 (VS2017)

time: Thu Sep 22 20:23:03 2022
timezone: Sri Lanka Standard Time
elapsed time: 3.359385 seconds (0d 0h 0m 3s)

